[debug] [2025-07-27T16:49:24.237Z] ----------------------------------------------------------------------
[debug] [2025-07-27T16:49:24.241Z] Command:       /Users/nikostsatsabas/.nvm/versions/node/v20.19.4/bin/node /Users/nikostsatsabas/.nvm/versions/node/v20.19.4/bin/firebase init hosting
[debug] [2025-07-27T16:49:24.241Z] CLI Version:   14.11.1
[debug] [2025-07-27T16:49:24.242Z] Platform:      darwin
[debug] [2025-07-27T16:49:24.242Z] Node Version:  v20.19.4
[debug] [2025-07-27T16:49:24.242Z] Time:          Sun Jul 27 2025 19:49:24 GMT+0300 (Eastern European Summer Time)
[debug] [2025-07-27T16:49:24.242Z] ----------------------------------------------------------------------
[debug] 
[debug] [2025-07-27T16:49:24.245Z] > command requires scopes: ["email","openid","https://www.googleapis.com/auth/cloudplatformprojects.readonly","https://www.googleapis.com/auth/firebase","https://www.googleapis.com/auth/cloud-platform"]
[debug] [2025-07-27T16:49:24.245Z] > authorizing via signed-in user (nikostsatsabas98@gmail.com)
[info] 
     ######## #### ########  ######## ########     ###     ######  ########
     ##        ##  ##     ## ##       ##     ##  ##   ##  ##       ##
     ######    ##  ########  ######   ########  #########  ######  ######
     ##        ##  ##    ##  ##       ##     ## ##     ##       ## ##
     ##       #### ##     ## ######## ########  ##     ##  ######  ########

You're about to initialize a Firebase project in this directory:

  /Users/nikostsatsabas/Desktop/thesis_test/Lexi/client

[info] 
=== Project Setup
[info] 
[info] First, let's associate this project directory with a Firebase project.
[info] You can create multiple project aliases by running firebase use --add, 
[info] but for now we'll just set up a default project.
[info] 
[debug] [2025-07-27T16:49:34.942Z] Checked if tokens are valid: true, expires at: 1753638378716
[debug] [2025-07-27T16:49:34.943Z] Checked if tokens are valid: true, expires at: 1753638378716
[debug] [2025-07-27T16:49:34.946Z] >>> [apiv2][query] GET https://firebase.googleapis.com/v1beta1/projects pageSize=100
[debug] [2025-07-27T16:49:35.588Z] <<< [apiv2][status] GET https://firebase.googleapis.com/v1beta1/projects 200
[debug] [2025-07-27T16:49:35.588Z] <<< [apiv2][body] GET https://firebase.googleapis.com/v1beta1/projects [omitted]
[info] i  Using project thesis-nt (thesis-nt) 
[info] 
=== Hosting Setup
[debug] [2025-07-27T16:49:39.642Z] Checked if tokens are valid: true, expires at: 1753638378716
[debug] [2025-07-27T16:49:39.642Z] Checked if tokens are valid: true, expires at: 1753638378716
[debug] [2025-07-27T16:49:39.643Z] >>> [apiv2][query] GET https://firebase.googleapis.com/v1beta1/projects/thesis-nt [none]
[debug] [2025-07-27T16:49:39.927Z] <<< [apiv2][status] GET https://firebase.googleapis.com/v1beta1/projects/thesis-nt 200
[debug] [2025-07-27T16:49:39.927Z] <<< [apiv2][body] GET https://firebase.googleapis.com/v1beta1/projects/thesis-nt {"projectId":"thesis-nt","projectNumber":"224092194585","displayName":"thesis-nt","name":"projects/thesis-nt","resources":{"hostingSite":"thesis-nt"},"state":"ACTIVE","etag":"1_88b99135-4e8b-4ca0-8ccc-3be3c6f28af9"}
[info] 
[info] Your public directory is the folder (relative to your project directory) that
[info] will contain Hosting assets to be uploaded with firebase deploy. If you
[info] have a build process for your assets, use your build's output directory.
[info] 
[debug] [2025-07-27T16:56:56.265Z] >>> [apiv2][query] GET https://www.gstatic.com/firebasejs/releases.json [none]
[debug] [2025-07-27T16:56:56.508Z] <<< [apiv2][status] GET https://www.gstatic.com/firebasejs/releases.json 200
[debug] [2025-07-27T16:56:56.508Z] <<< [apiv2][body] GET https://www.gstatic.com/firebasejs/releases.json {"current":{"version":"12.0.0","browserURL":"https://www.gstatic.com/firebasejs/12.0.0/firebase.js","packageURL":"https://www.gstatic.com/firebasejs/12.0.0/firebase.tgz"},"live":{"version":"12.0","browserURL":"https://www.gstatic.com/firebasejs/live/12.0/firebase.js","packageURL":"https://www.gstatic.com/firebasejs/live/12.0/firebase.tgz"},"components":{"ai":"https://www.gstatic.com/firebasejs/12.0.0/firebase-ai.js","analytics":"https://www.gstatic.com/firebasejs/12.0.0/firebase-analytics.js","app":"https://www.gstatic.com/firebasejs/12.0.0/firebase-app.js","app-check":"https://www.gstatic.com/firebasejs/12.0.0/firebase-app-check.js","auth":"https://www.gstatic.com/firebasejs/12.0.0/firebase-auth.js","auth/cordova":"https://www.gstatic.com/firebasejs/12.0.0/firebase-auth/cordova.js","auth/web-extension":"https://www.gstatic.com/firebasejs/12.0.0/firebase-auth/web-extension.js","functions":"https://www.gstatic.com/firebasejs/12.0.0/firebase-functions.js","firestore":"https://www.gstatic.com/firebasejs/12.0.0/firebase-firestore.js","firestore/lite":"https://www.gstatic.com/firebasejs/12.0.0/firebase-firestore/lite.js","installations":"https://www.gstatic.com/firebasejs/12.0.0/firebase-installations.js","storage":"https://www.gstatic.com/firebasejs/12.0.0/firebase-storage.js","performance":"https://www.gstatic.com/firebasejs/12.0.0/firebase-performance.js","remote-config":"https://www.gstatic.com/firebasejs/12.0.0/firebase-remote-config.js","messaging":"https://www.gstatic.com/firebasejs/12.0.0/firebase-messaging.js","messaging/sw":"https://www.gstatic.com/firebasejs/12.0.0/firebase-messaging/sw.js","database":"https://www.gstatic.com/firebasejs/12.0.0/firebase-database.js","data-connect":"https://www.gstatic.com/firebasejs/12.0.0/firebase-data-connect.js","firestore.memory":"https://www.gstatic.com/firebasejs/12.0.0/firebase-firestore.memory.js"}}
[info] i  Skipping write of public/index.html 
[info] 
[info] i  Detected a .git folder at /Users/nikostsatsabas/Desktop/thesis_test/Lexi 
[info] i  Authorizing with GitHub to upload your service account to a GitHub repository's secrets store. 
[info] 
[info] Visit this URL on this device to log in:
[info] https://github.com/login/oauth/authorize?client_id=89cf50f02ac6aaed3484&state=277761445&redirect_uri=http%3A%2F%2Flocalhost%3A9005&scope=read%3Auser%20repo%20public_repo
[info] 
[info] Waiting for authentication...
[debug] [2025-07-27T17:03:13.554Z] >>> [apiv2][query] POST https://github.com/login/oauth/access_token [none]
[debug] [2025-07-27T17:03:13.556Z] >>> [apiv2][body] POST https://github.com/login/oauth/access_token [stream]
[debug] [2025-07-27T17:03:13.959Z] <<< [apiv2][status] POST https://github.com/login/oauth/access_token 200
[debug] [2025-07-27T17:03:13.959Z] <<< [apiv2][body] POST https://github.com/login/oauth/access_token {"access_token":"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","token_type":"bearer","scope":"read:user,repo"}
[debug] [2025-07-27T17:03:13.971Z] >>> [apiv2][query] GET https://api.github.com/user [none]
[debug] [2025-07-27T17:03:14.331Z] <<< [apiv2][status] GET https://api.github.com/user 200
[debug] [2025-07-27T17:03:14.331Z] <<< [apiv2][body] GET https://api.github.com/user {"login":"nitaph","id":65366193,"node_id":"MDQ6VXNlcjY1MzY2MTkz","avatar_url":"https://avatars.githubusercontent.com/u/65366193?v=4","gravatar_id":"","url":"https://api.github.com/users/nitaph","html_url":"https://github.com/nitaph","followers_url":"https://api.github.com/users/nitaph/followers","following_url":"https://api.github.com/users/nitaph/following{/other_user}","gists_url":"https://api.github.com/users/nitaph/gists{/gist_id}","starred_url":"https://api.github.com/users/nitaph/starred{/owner}{/repo}","subscriptions_url":"https://api.github.com/users/nitaph/subscriptions","organizations_url":"https://api.github.com/users/nitaph/orgs","repos_url":"https://api.github.com/users/nitaph/repos","events_url":"https://api.github.com/users/nitaph/events{/privacy}","received_events_url":"https://api.github.com/users/nitaph/received_events","type":"User","user_view_type":"private","site_admin":false,"name":null,"company":null,"blog":"","location":null,"email":null,"hireable":null,"bio":null,"twitter_username":null,"notification_email":null,"public_repos":5,"public_gists":0,"followers":0,"following":0,"created_at":"2020-05-14T19:08:23Z","updated_at":"2025-07-26T22:36:39Z","private_gists":0,"total_private_repos":1,"owned_private_repos":1,"disk_usage":41,"collaborators":0,"two_factor_authentication":false,"plan":{"name":"free","space":976562499,"collaborators":0,"private_repos":10000}}
[info] 
[info] ✔  Success! Logged into GitHub as nitaph 
[info] 
